Arguments: 
  C:\Users\MrSid\Documents\node-v10.15.3-win-x86\node.exe C:\Program Files\Yarn\bin\yarn.js add react reacrt-dom next

PATH: 
  C:\Windows\system32;C:\Windows;C:\Windows\System32\Wbem;C:\Windows\System32\WindowsPowerShell\v1.0\;C:\Program Files\Git\cmd;C:\Program Files\Yarn\bin\;;C:\Users\MrSid\AppData\Local\Programs\Microsoft VS Code\bin;C:\Users\MrSid\Documents\node-v10.15.3-win-x86;C:\Users\MrSid\AppData\Local\Yarn\bin;C:\mongodb\bin;

Yarn version: 
  1.15.2

Node version: 
  10.15.3

Platform: 
  win32 ia32

Trace: 
  Error: https://registry.yarnpkg.com/reacrt-dom: Not found
      at Request.params.callback [as _callback] (C:\Program Files\Yarn\lib\cli.js:65167:18)
      at Request.self.callback (C:\Program Files\Yarn\lib\cli.js:129541:22)
      at Request.emit (events.js:189:13)
      at Request.<anonymous> (C:\Program Files\Yarn\lib\cli.js:130513:10)
      at Request.emit (events.js:189:13)
      at IncomingMessage.<anonymous> (C:\Program Files\Yarn\lib\cli.js:130435:12)
      at Object.onceWrapper (events.js:277:13)
      at IncomingMessage.emit (events.js:194:15)
      at endReadableNT (_stream_readable.js:1125:12)
      at process._tickCallback (internal/process/next_tick.js:63:19)

npm manifest: 
  {
    "name": "Parking",
    "version": "1.0.0",
    "main": "index.js",
    "license": "MIT"
  }

yarn manifest: 
  No manifest

Lockfile: 
  No lockfile
